0 info it worked if it ends with ok
1 verbose cli [ 'C:\\Program Files (x86)\\nodejs\\node.exe',
1 verbose cli   'C:\\Users\\Travis Kovacic\\AppData\\Roaming\\npm\\node_modules\\npm\\bin\\npm-cli.js',
1 verbose cli   'start' ]
2 info using npm@3.10.8
3 info using node@v6.7.0
4 verbose run-script [ 'prestart', 'start', 'poststart' ]
5 info lifecycle node-authentication@~prestart: node-authentication@
6 silly lifecycle node-authentication@~prestart: no script for prestart, continuing
7 info lifecycle node-authentication@~start: node-authentication@
8 verbose lifecycle node-authentication@~start: unsafe-perm in lifecycle true
9 verbose lifecycle node-authentication@~start: PATH: C:\Users\Travis Kovacic\AppData\Roaming\npm\node_modules\npm\bin\node-gyp-bin;C:\Users\Travis Kovacic\Documents\GitHub\arcadewarrior\node_modules\.bin;C:\Users\Travis Kovacic\AppData\Local\GitHub\PortableGit_d7effa1a4a322478cd29c826b52a0c118ad3db11\cmd;C:\Users\Travis Kovacic\AppData\Local\GitHub\PortableGit_d7effa1a4a322478cd29c826b52a0c118ad3db11\usr\bin;C:\Users\Travis Kovacic\AppData\Local\GitHub\PortableGit_d7effa1a4a322478cd29c826b52a0c118ad3db11\usr\share\git-tfs;C:\Users\Travis Kovacic\AppData\Local\Apps\2.0\WAJQH2MP.Z2Q\QOCQ07HG.N97\gith..tion_317444273a93ac29_0003.0003_665ccbdbd3c2d8d4;C:\Users\Travis Kovacic\AppData\Local\GitHub\lfs-amd64_1.3.1;C:\Users\Travis Kovacic\AppData\Local\Apps\2.0\WAJQH2MP.Z2Q\QOCQ07HG.N97\gith..tion_317444273a93ac29_0003.0003_665ccbdbd3c2d8d4\NativeBinaries\x86;C:\ProgramData\Oracle\Java\javapath;C:\WINDOWS\system32;C:\WINDOWS;C:\WINDOWS\System32\Wbem;C:\WINDOWS\System32\WindowsPowerShell\v1.0\;C:\Program Files (x86)\ATI Technologies\ATI.ACE\Core-Static;C:\Program Files (x86)\QuickTime\QTSystem\;C:\Program Files (x86)\Skype\Phone\;C:\Program Files (x86)\AMD\ATI.ACE\Core-Static;C:\Users\Travis Kovacic\.dnx\bin;C:\Program Files\Microsoft DNX\Dnvm\;C:\Program Files (x86)\Windows Kits\8.1\Windows Performance Toolkit\;C:\Program Files\Microsoft SQL Server\120\Tools\Binn\;C:\Program Files (x86)\Common Files\Adobe\AGL;C:\Program Files (x86)\Windows Kits\10\Windows Performance Toolkit\;C:\Program Files (x86)\NVIDIA Corporation\PhysX\Common;C:\Program Files (x86)\Livestreamer;C:\Program Files (x86)\GtkSharp\2.12\bin;C:\Program Files (x86)\nodejs\;C:\Program Files\Cloud Foundry;C:\Users\Travis Kovacic\AppData\Local\Programs\Python\Python35-32\Scripts\;C:\Users\Travis Kovacic\AppData\Local\Programs\Python\Python35-32\;C:\mingw\bin;C:\Program Files (x86)\SSH Communications Security\SSH Secure Shell;C:\Users\Travis Kovacic\AppData\Roaming\npm;C:\Program Files (x86)\Microsoft VS Code\bin;C:\Program Files (x86)\MSBuild\14.0\bin\;C:\Program Files (x86)\Microsoft SDKs\Windows\v8.1A\bin\NETFX 4.5.1 Tools\x64;C:\Program Files (x86)\Microsoft SDKs\F#\4.0\Framework\v4.0\
10 verbose lifecycle node-authentication@~start: CWD: C:\Users\Travis Kovacic\Documents\GitHub\arcadewarrior
11 silly lifecycle node-authentication@~start: Args: [ '/d /s /c', 'node server.js' ]
12 silly lifecycle node-authentication@~start: Returned: code: 1  signal: null
13 info lifecycle node-authentication@~start: Failed to exec start script
14 verbose stack Error: node-authentication@ start: `node server.js`
14 verbose stack Exit status 1
14 verbose stack     at EventEmitter.<anonymous> (C:\Users\Travis Kovacic\AppData\Roaming\npm\node_modules\npm\lib\utils\lifecycle.js:255:16)
14 verbose stack     at emitTwo (events.js:106:13)
14 verbose stack     at EventEmitter.emit (events.js:191:7)
14 verbose stack     at ChildProcess.<anonymous> (C:\Users\Travis Kovacic\AppData\Roaming\npm\node_modules\npm\lib\utils\spawn.js:40:14)
14 verbose stack     at emitTwo (events.js:106:13)
14 verbose stack     at ChildProcess.emit (events.js:191:7)
14 verbose stack     at maybeClose (internal/child_process.js:877:16)
14 verbose stack     at Process.ChildProcess._handle.onexit (internal/child_process.js:226:5)
15 verbose pkgid node-authentication@
16 verbose cwd C:\Users\Travis Kovacic\Documents\GitHub\arcadewarrior
17 error Windows_NT 10.0.10586
18 error argv "C:\\Program Files (x86)\\nodejs\\node.exe" "C:\\Users\\Travis Kovacic\\AppData\\Roaming\\npm\\node_modules\\npm\\bin\\npm-cli.js" "start"
19 error node v6.7.0
20 error npm  v3.10.8
21 error code ELIFECYCLE
22 error node-authentication@ start: `node server.js`
22 error Exit status 1
23 error Failed at the node-authentication@ start script 'node server.js'.
23 error Make sure you have the latest version of node.js and npm installed.
23 error If you do, this is most likely a problem with the node-authentication package,
23 error not with npm itself.
23 error Tell the author that this fails on your system:
23 error     node server.js
23 error You can get information on how to open an issue for this project with:
23 error     npm bugs node-authentication
23 error Or if that isn't available, you can get their info via:
23 error     npm owner ls node-authentication
23 error There is likely additional logging output above.
24 verbose exit [ 1, true ]
